{"nbformat":4,"nbformat_minor":0,"metadata":{"colab":{"provenance":[],"mount_file_id":"1nEqucndN2SerXjnIiLSjyKOaQqj9m-_6","authorship_tag":"ABX9TyOUtBLMmmkQGjVl3+rss5Oh"},"kernelspec":{"name":"python3","display_name":"Python 3"},"language_info":{"name":"python"}},"cells":[{"cell_type":"code","execution_count":1,"metadata":{"id":"QcRCJ_VjQFlZ","executionInfo":{"status":"ok","timestamp":1683282629149,"user_tz":420,"elapsed":292,"user":{"displayName":"rakesh puppala","userId":"02473426443691933781"}}},"outputs":[],"source":["from random import randint\n","import time"]},{"cell_type":"code","source":["pip install pyspark"],"metadata":{"colab":{"base_uri":"https://localhost:8080/"},"id":"LRJF4-b8dkHw","executionInfo":{"status":"ok","timestamp":1683282674336,"user_tz":420,"elapsed":44940,"user":{"displayName":"rakesh puppala","userId":"02473426443691933781"}},"outputId":"259253e3-322d-4555-851b-46abdc6fc6b1"},"execution_count":2,"outputs":[{"output_type":"stream","name":"stdout","text":["Looking in indexes: https://pypi.org/simple, https://us-python.pkg.dev/colab-wheels/public/simple/\n","Collecting pyspark\n","  Downloading pyspark-3.4.0.tar.gz (310.8 MB)\n","\u001b[2K     \u001b[90m━━━━━━━━━━━━━━━━━━━━━━━━━━━━━━━━━━━━━━━\u001b[0m \u001b[32m310.8/310.8 MB\u001b[0m \u001b[31m4.4 MB/s\u001b[0m eta \u001b[36m0:00:00\u001b[0m\n","\u001b[?25h  Preparing metadata (setup.py) ... \u001b[?25l\u001b[?25hdone\n","Requirement already satisfied: py4j==0.10.9.7 in /usr/local/lib/python3.10/dist-packages (from pyspark) (0.10.9.7)\n","Building wheels for collected packages: pyspark\n","  Building wheel for pyspark (setup.py) ... \u001b[?25l\u001b[?25hdone\n","  Created wheel for pyspark: filename=pyspark-3.4.0-py2.py3-none-any.whl size=311317145 sha256=0a6cd681dddaeb05aeeb6b54fec15af577e50ebd56e205bbe3128ceabc18730f\n","  Stored in directory: /root/.cache/pip/wheels/7b/1b/4b/3363a1d04368e7ff0d408e57ff57966fcdf00583774e761327\n","Successfully built pyspark\n","Installing collected packages: pyspark\n","Successfully installed pyspark-3.4.0\n"]}]},{"cell_type":"code","source":["from pyspark.sql import *\n","from pyspark.context import SparkContext\n","from pyspark.sql.session import SparkSession\n","from pyspark.sql import functions as sf\n","from pyspark.sql.functions import udf\n","from pyspark.sql import SQLContext\n","import pdb\n","import calendar\n","import datetime\n","from pyspark.sql.types import StringType\n","from pyspark.sql.functions import lit,col\n","\n","import pandas as pd\n","import numpy as np\n"],"metadata":{"id":"g0e0L2JOQYrc","executionInfo":{"status":"ok","timestamp":1683282674789,"user_tz":420,"elapsed":457,"user":{"displayName":"rakesh puppala","userId":"02473426443691933781"}}},"execution_count":3,"outputs":[]},{"cell_type":"code","source":["sc = SparkContext('local')\n","# spark = SparkSession(sc)\n","sql = SQLContext(sc)"],"metadata":{"colab":{"base_uri":"https://localhost:8080/"},"id":"8Ytiv3xjQ0hJ","executionInfo":{"status":"ok","timestamp":1683282688361,"user_tz":420,"elapsed":13576,"user":{"displayName":"rakesh puppala","userId":"02473426443691933781"}},"outputId":"0040678d-bb46-4616-9849-9b837a4cc47d"},"execution_count":4,"outputs":[{"output_type":"stream","name":"stderr","text":["/usr/local/lib/python3.10/dist-packages/pyspark/sql/context.py:112: FutureWarning: Deprecated in 3.0.0. Use SparkSession.builder.getOrCreate() instead.\n","  warnings.warn(\n"]}]},{"cell_type":"code","source":["df = sql.read.csv(\"/content/drive/MyDrive/DBMS_project_final/Source Code/1-Datasets/KCPD_Crime_Data/KCcrime2010To2018.csv\", inferSchema = True, header = True)\n","df = df.withColumn('Reported_date', sf.concat(sf.col('Reported_month'),sf.lit('/'),sf.col('Reported_day'),sf.lit('/'),sf.col('Reported_year')))\n"],"metadata":{"id":"BQQbxQftRBmp","executionInfo":{"status":"ok","timestamp":1683282716812,"user_tz":420,"elapsed":28465,"user":{"displayName":"rakesh puppala","userId":"02473426443691933781"}}},"execution_count":5,"outputs":[]},{"cell_type":"code","source":["df"],"metadata":{"colab":{"base_uri":"https://localhost:8080/"},"id":"hxzaa18ZRc8A","executionInfo":{"status":"ok","timestamp":1683282716812,"user_tz":420,"elapsed":17,"user":{"displayName":"rakesh puppala","userId":"02473426443691933781"}},"outputId":"f95f0cbc-1a9e-49bd-b2ff-6cf25516bb5f"},"execution_count":6,"outputs":[{"output_type":"execute_result","data":{"text/plain":["DataFrame[Report_No: int, Reported_year: int, Reported_month: int, Reported_day: int, Reported_hour: int, Reported_minute: int, From_year: int, From_month: int, From_day: int, From_hour: int, From_minute: int, Offense: int, IBRS: string, Description: string, Beat: string, Address: string, City: string, Zip_Code: double, Rep_Dist: string, Area: string, DVFlag: string, Invl_No: int, Involvement: string, Race: string, Sex: string, Age: double, Firearm_Used_Flag: string, Reported_date: string]"]},"metadata":{},"execution_count":6}]},{"cell_type":"code","source":["def main(df):\n","    a = 1\n","    # df = pd.read_csv('C:\\\\Big_Data_Hadoop\\\\second_increment\\\\joined_date.csv')\n","    df.createTempView(name='sdsde')\n","    year_list = np.array(df.select('Reported_year').collect())\n","    crime_list = np.array(df.select('Description').collect())\n","    # crime_list = df['Description'].unique().tolist()\n","    count = 0\n","    for year in year_list:\n","        year = year.item()\n","        for crime in crime_list:\n","            try:\n","                crime = crime.item()\n","\n","                print('creating file %s_%s.csv' %(str(year),str(crime)))\n","                query = \"select * from kc_crime where Reported_year = '%s' and Description = '%s'\" %(str(year),str(crime))\n","                temp_df = sql.sql(query)\n","                print('length of temp_df: ',temp_df.count())\n","                temp_df.toPandas().to_csv('csv\\\\%s_%s.csv' %(str(year),str(crime)),index=False)\n","                count+=1\n","                if count == 5:\n","                    break\n","            except:\n","                pass\n","        if count == 5:\n","            break\n","        time.sleep(5)\n","    # with open('lorem.txt', 'r') as file:  # reading content from 'lorem.txt' file\n","    #     lines = file.readlines()\n","    #     while a <= 30:\n","    #         totalline = len(lines)\n","    #         linenumber = randint(0, totalline - 10)\n","    #         with open('log/log{}.txt'.format(a), 'w') as writefile:\n","    #             writefile.write(' '.join(line for line in lines[linenumber:totalline]))\n","    #         print('creating file log{}.txt'.format(a))\n","    #         a += 1\n","    #         time.sleep(5)\n","\n","\n","if __name__ == '__main__':\n","    main(df)"],"metadata":{"colab":{"base_uri":"https://localhost:8080/"},"id":"-dypywj1Q0jx","outputId":"c233e268-d743-46c5-9810-eaf2e49f6f1a"},"execution_count":null,"outputs":[{"output_type":"stream","name":"stdout","text":["creating file 2010_Stolen Property OFFE.csv\n","creating file 2010_Non Agg Assault Dome.csv\n","creating file 2010_Non Aggravated Assau.csv\n","creating file 2010_Auto Theft.csv\n","creating file 2010_Impersonation.csv\n","creating file 2010_Aggravated Assault (.csv\n","creating file 2010_Driving Under Influe.csv\n","creating file 2010_Stealing All Other.csv\n","creating file 2010_Burglary - Residence.csv\n","creating file 2010_Trespassing.csv\n","creating file 2010_Possession of Drug E.csv\n","creating file 2010_Property Damage.csv\n","creating file 2010_Violation Full Order.csv\n","creating file 2010_Auto Theft.csv\n","creating file 2010_Auto Theft.csv\n","creating file 2010_Stealing From Auto.csv\n","creating file 2010_Possession of Drug E.csv\n","creating file 2010_Stealing All Other.csv\n","creating file 2010_Rape.csv\n","creating file 2010_Stealing All Other.csv\n","creating file 2010_Misc Violation.csv\n","creating file 2010_Burglary - Residence.csv\n","creating file 2010_Stealing from Buildi.csv\n","creating file 2010_Disorderly Conduct.csv\n","creating file 2010_Stealing Auto Parts/.csv\n","creating file 2010_Armed Robbery.csv\n","creating file 2010_Aggravated Assault (.csv\n","creating file 2010_Stealing from Buildi.csv\n","creating file 2010_Auto Theft Outside S.csv\n","creating file 2010_Misc Violation.csv\n","creating file 2010_Stealing All Other.csv\n","creating file 2010_Agg Assault - Domest.csv\n","creating file 2010_Aggravated Assault (.csv\n","creating file 2010_Burglary - Non Resid.csv\n","creating file 2010_Trespassing.csv\n","creating file 2010_Auto Theft.csv\n","creating file 2010_Forged Checks.csv\n","creating file 2010_Credit/Debit/ATM Car.csv\n","creating file 2010_Stealing From Auto.csv\n","creating file 2010_Burglary - Residence.csv\n","creating file 2010_Possession/Sale/Dist.csv\n","creating file 2010_Misc Violation.csv\n","creating file 2010_Non Agg Assault Dome.csv\n","creating file 2010_Aggravated Assault (.csv\n","creating file 2010_Auto Theft.csv\n","creating file 2010_Burglary - Residence.csv\n","creating file 2010_Aggravated Assault (.csv\n","creating file 2010_Burglary - Residence.csv\n","creating file 2010_Stealing Auto Parts/.csv\n","creating file 2010_Possession/Sale/Dist.csv\n","creating file 2010_Property Damage.csv\n","creating file 2010_Armed Robbery.csv\n","creating file 2010_Stealing Shoplifting.csv\n","creating file 2010_Possession/Sale/Dist.csv\n","creating file 2010_Stealing Auto Parts/.csv\n","creating file 2010_Agg Assault - Domest.csv\n","creating file 2010_Violation Full Order.csv\n","creating file 2010_Property Damage.csv\n","creating file 2010_Armed Robbery.csv\n","creating file 2010_Non Agg Assault Dome.csv\n","creating file 2010_Stealing from Buildi.csv\n","creating file 2010_Misc Violation.csv\n","creating file 2010_Statutory Rape.csv\n","creating file 2010_Stealing from Buildi.csv\n","creating file 2010_Burglary - Residence.csv\n","creating file 2010_Stealing Auto Parts/.csv\n","creating file 2010_Stealing Auto Parts/.csv\n","creating file 2010_Stealing Coin Operat.csv\n","creating file 2010_Burglary - Residence.csv\n","creating file 2010_Stealing From Auto.csv\n","creating file 2010_Burglary - Residence.csv\n","creating file 2010_Burglary - Residence.csv\n","creating file 2010_Stealing All Other.csv\n","creating file 2010_Stealing Auto Parts/.csv\n","creating file 2010_Intimidation.csv\n","creating file 2010_Burglary - Non Resid.csv\n","creating file 2010_Aggravated Assault (.csv\n","creating file 2010_Non Agg Assault Dome.csv\n","creating file 2010_Misc Violation.csv\n","creating file 2010_Agg Assault - Domest.csv\n","creating file 2010_Stealing Shoplifting.csv\n","creating file 2010_Possession/Sale/Dist.csv\n","creating file 2010_Fraud Confidence Gam.csv\n","creating file 2010_Property Damage.csv\n","creating file 2010_Auto Theft.csv\n","creating file 2010_Misc Violation.csv\n","creating file 2010_Property Damage.csv\n","creating file 2010_Intimidation.csv\n","creating file 2010_Non Agg Assault Dome.csv\n","creating file 2010_Stealing from Buildi.csv\n","creating file 2010_Burglary - Non Resid.csv\n","creating file 2010_Stealing Auto Parts/.csv\n","creating file 2010_Fraud.csv\n","creating file 2010_Property Damage.csv\n","creating file 2010_Impersonation.csv\n","creating file 2010_Stealing Auto Parts/.csv\n","creating file 2010_Property Damage.csv\n","creating file 2010_Property Damage.csv\n","creating file 2010_Property Damage.csv\n","creating file 2010_Non Aggravated Assau.csv\n","creating file 2010_Stealing Auto Parts/.csv\n","creating file 2010_Stealing Auto Parts/.csv\n","creating file 2010_Stealing From Auto.csv\n","creating file 2010_Property Damage.csv\n","creating file 2010_Non Agg Assault Dome.csv\n","creating file 2010_Auto Theft.csv\n","creating file 2010_Burglary - Residence.csv\n","creating file 2010_Auto Theft.csv\n","creating file 2010_Strong Arm Robbery.csv\n","creating file 2010_Possession/Sale/Dist.csv\n","creating file 2010_Impersonation.csv\n","creating file 2010_Stealing From Auto.csv\n","creating file 2010_Non Agg Assault Dome.csv\n","creating file 2010_Stealing Auto Parts/.csv\n","creating file 2010_Burglary - Residence.csv\n","creating file 2010_Possession/Sale/Dist.csv\n","creating file 2010_Burglary - Residence.csv\n","creating file 2010_Burglary - Residence.csv\n","creating file 2010_Property Damage.csv\n","creating file 2010_Stealing All Other.csv\n","creating file 2010_Misc Violation.csv\n","creating file 2010_Burglary - Residence.csv\n","creating file 2010_Property Damage.csv\n","creating file 2010_Non Aggravated Assau.csv\n","creating file 2010_Property Damage.csv\n","creating file 2010_Possession/Sale/Dist.csv\n","creating file 2010_Stealing Auto Parts/.csv\n","creating file 2010_Stealing from Buildi.csv\n","creating file 2010_Possession of Drug E.csv\n","creating file 2010_Non Agg Assault Dome.csv\n","creating file 2010_Misc Violation.csv\n","creating file 2010_Stealing All Other.csv\n","creating file 2010_Non Aggravated Assau.csv\n","creating file 2010_Stealing Auto Parts/.csv\n","creating file 2010_Stealing Auto Parts/.csv\n","creating file 2010_Stealing from Buildi.csv\n","creating file 2010_Misc Violation.csv\n","creating file 2010_Stealing All Other.csv\n","creating file 2010_Property Damage.csv\n","creating file 2010_Intimidation.csv\n","creating file 2010_Auto Theft.csv\n","creating file 2010_Armed Robbery.csv\n","creating file 2010_Burglary - Residence.csv\n","creating file 2010_Stealing Shoplifting.csv\n","creating file 2010_Agg Assault - Drive-.csv\n","creating file 2010_Non Agg Assault Dome.csv\n","creating file 2010_Aggravated Assault (.csv\n","creating file 2010_Non Aggravated Assau.csv\n","creating file 2010_Property Damage.csv\n","creating file 2010_Intimidation.csv\n","creating file 2010_Stealing All Other.csv\n","creating file 2010_Stealing Auto Parts/.csv\n","creating file 2010_Stealing Auto Parts/.csv\n","creating file 2010_Trespassing.csv\n","creating file 2010_Possession/Sale/Dist.csv\n","creating file 2010_Auto Theft.csv\n","creating file 2010_Forged Checks.csv\n","creating file 2010_Stealing From Auto.csv\n","creating file 2010_Property Damage.csv\n","creating file 2010_Possession/Sale/Dist.csv\n","creating file 2010_Stealing from Buildi.csv\n","creating file 2010_Misc Violation.csv\n","creating file 2010_Property Damage.csv\n","creating file 2010_Auto Theft.csv\n","creating file 2010_Non Agg Assault Dome.csv\n","creating file 2010_Property Damage.csv\n","creating file 2010_Burglary - Residence.csv\n","creating file 2010_Burglary - Residence.csv\n","creating file 2010_Stealing All Other.csv\n","creating file 2010_Burglary - Residence.csv\n","creating file 2010_Stealing Auto Parts/.csv\n","creating file 2010_Burglary - Residence.csv\n","creating file 2010_Non Aggravated Assau.csv\n","creating file 2010_Disorderly Conduct.csv\n","creating file 2010_Stealing from Buildi.csv\n","creating file 2010_Stealing All Other.csv\n","creating file 2010_Auto Theft.csv\n","creating file 2010_Weapons Law Violatio.csv\n","creating file 2010_Burglary - Residence.csv\n","creating file 2010_Stealing From Auto.csv\n","creating file 2010_Auto Theft.csv\n","creating file 2010_Armed Robbery.csv\n","creating file 2010_Non Agg Assault Dome.csv\n","creating file 2010_Property Damage.csv\n","creating file 2010_Property Damage.csv\n","creating file 2010_Stealing All Other.csv\n","creating file 2010_Burglary - Residence.csv\n","creating file 2010_Property Damage.csv\n","creating file 2010_Stealing From Auto.csv\n","creating file 2010_Non Agg Assault Dome.csv\n","creating file 2010_Stealing Coin Operat.csv\n","creating file 2010_Aggravated Assault (.csv\n","creating file 2010_Stealing From Auto.csv\n","creating file 2010_Non Agg Assault Dome.csv\n","creating file 2010_Burglary - Residence.csv\n","creating file 2010_Stealing From Auto.csv\n","creating file 2010_Stealing Auto Parts/.csv\n","creating file 2010_Stealing From Auto.csv\n","creating file 2010_Forged Checks.csv\n","creating file 2010_Fraud.csv\n","creating file 2010_Stealing All Other.csv\n","creating file 2010_Misc Violation.csv\n","creating file 2010_Credit/Debit/ATM Car.csv\n","creating file 2010_Resisting an Officer.csv\n","creating file 2010_Burglary - Residence.csv\n","creating file 2010_Stealing from Buildi.csv\n","creating file 2010_Aggravated Assault (.csv\n","creating file 2010_Stealing Auto Parts/.csv\n","creating file 2010_Aggravated Assault (.csv\n","creating file 2010_Stealing All Other.csv\n","creating file 2010_Intimidation.csv\n","creating file 2010_Non Aggravated Assau.csv\n","creating file 2010_Violation Full Order.csv\n","creating file 2010_Family Offense.csv\n","creating file 2010_Auto Theft.csv\n","creating file 2010_Stealing All Other.csv\n","creating file 2010_Stealing Shoplifting.csv\n","creating file 2010_Possession/Sale/Dist.csv\n","creating file 2010_Wire Fraud.csv\n","creating file 2010_Auto Theft.csv\n","creating file 2010_Burglary - Residence.csv\n","creating file 2010_Possession/Sale/Dist.csv\n","creating file 2010_Property Damage.csv\n","creating file 2010_Property Damage.csv\n","creating file 2010_Stealing From Auto.csv\n","creating file 2010_Possession/Sale/Dist.csv\n","creating file 2010_Stealing Auto Parts/.csv\n","creating file 2010_Stealing From Auto.csv\n","creating file 2010_Non Agg Assault Dome.csv\n","creating file 2010_Auto Theft.csv\n","creating file 2010_Possession/Sale/Dist.csv\n","creating file 2010_Auto Theft.csv\n","creating file 2010_Stealing Auto Parts/.csv\n","creating file 2010_Burglary - Residence.csv\n","creating file 2010_Stealing from Buildi.csv\n","creating file 2010_Stealing From Auto.csv\n","creating file 2010_Aggravated Assault (.csv\n","creating file 2010_Family Offense.csv\n","creating file 2010_Stealing From Auto.csv\n","creating file 2010_Stealing From Auto.csv\n","creating file 2010_Stealing From Auto.csv\n","creating file 2010_Stealing Auto Parts/.csv\n","creating file 2010_Non Agg Assault Dome.csv\n","creating file 2010_Forgery.csv\n","creating file 2010_Stealing Auto Parts/.csv\n","creating file 2010_Armed Robbery.csv\n","creating file 2010_Stealing From Auto.csv\n","creating file 2010_Property Damage.csv\n"]},{"output_type":"stream","name":"stderr","text":["ERROR:root:KeyboardInterrupt while sending command.\n","Traceback (most recent call last):\n","  File \"/usr/local/lib/python3.10/dist-packages/pyspark/errors/exceptions/captured.py\", line 169, in deco\n","    return f(*a, **kw)\n","  File \"/usr/local/lib/python3.10/dist-packages/py4j/protocol.py\", line 326, in get_return_value\n","    raise Py4JJavaError(\n","py4j.protocol.Py4JJavaError: <unprintable Py4JJavaError object>\n","\n","During handling of the above exception, another exception occurred:\n","\n","Traceback (most recent call last):\n","  File \"/usr/local/lib/python3.10/dist-packages/py4j/java_gateway.py\", line 1038, in send_command\n","    response = connection.send_command(command)\n","  File \"/usr/local/lib/python3.10/dist-packages/py4j/clientserver.py\", line 511, in send_command\n","    answer = smart_decode(self.stream.readline()[:-1])\n","  File \"/usr/lib/python3.10/socket.py\", line 705, in readinto\n","    return self._sock.recv_into(b)\n","KeyboardInterrupt\n"]},{"output_type":"stream","name":"stdout","text":["creating file 2010_Agg Assault - Domest.csv\n","creating file 2010_Property Damage.csv\n","creating file 2010_Stealing from Buildi.csv\n","creating file 2010_Stealing Shoplifting.csv\n","creating file 2010_Property Damage.csv\n","creating file 2010_Forcible Sodomy.csv\n","creating file 2010_Stealing All Other.csv\n","creating file 2010_Burglary - Residence.csv\n","creating file 2010_Rape.csv\n","creating file 2010_Auto Theft.csv\n","creating file 2010_Auto Theft.csv\n","creating file 2010_Possession/Sale/Dist.csv\n","creating file 2010_Possession of Drug E.csv\n","creating file 2010_Trespassing.csv\n","creating file 2010_Strong Arm Robbery.csv\n","creating file 2010_Non Agg Assault Dome.csv\n","creating file 2010_Stealing from Buildi.csv\n","creating file 2010_Stealing Shoplifting.csv\n","creating file 2010_Burglary - Non Resid.csv\n","creating file 2010_Misc Violation.csv\n","creating file 2010_Misc Violation.csv\n","creating file 2010_Credit/Debit/ATM Car.csv\n","creating file 2010_Disorderly Conduct.csv\n","creating file 2010_Violation Full Order.csv\n","creating file 2010_Property Damage.csv\n","creating file 2010_Burglary - Residence.csv\n","creating file 2010_Armed Robbery.csv\n","creating file 2010_Stealing From Auto.csv\n","creating file 2010_Stealing All Other.csv\n","creating file 2010_Property Damage.csv\n","creating file 2010_Non Agg Assault Dome.csv\n","creating file 2010_Non Aggravated Assau.csv\n","creating file 2010_Stealing Shoplifting.csv\n","creating file 2010_Auto Theft.csv\n","creating file 2010_Prostitution/Patroni.csv\n","creating file 2010_Possession of Drug E.csv\n","creating file 2010_Possession/Sale/Dist.csv\n","creating file 2010_Burglary - Residence.csv\n","creating file 2010_Misc Violation.csv\n","creating file 2010_Misc Violation.csv\n","creating file 2010_Resisting an Officer.csv\n","creating file 2010_Burglary - Residence.csv\n","creating file 2010_Stealing From Auto.csv\n","creating file 2010_Non Agg Assault Dome.csv\n","creating file 2010_Trespassing.csv\n","creating file 2010_Auto Theft.csv\n","creating file 2010_Property Damage.csv\n","creating file 2010_Property Damage.csv\n","creating file 2010_Burglary - Residence.csv\n","creating file 2010_Impersonation.csv\n","creating file 2010_Stealing Auto Parts/.csv\n","creating file 2010_Misc Violation.csv\n","creating file 2010_Stealing from Buildi.csv\n","creating file 2010_Stealing All Other.csv\n","creating file 2010_Stealing Auto Parts/.csv\n","creating file 2010_Stealing From Auto.csv\n","creating file 2010_Auto Theft.csv\n","creating file 2010_Auto Theft.csv\n","creating file 2010_Auto Theft.csv\n","creating file 2010_Stealing From Auto.csv\n","creating file 2010_Burglary - Residence.csv\n","creating file 2010_Non Agg Assault Dome.csv\n","creating file 2010_Possession/Sale/Dist.csv\n","creating file 2010_Stealing From Auto.csv\n","creating file 2010_Auto Theft.csv\n","creating file 2010_Non Aggravated Assau.csv\n","creating file 2010_Property Damage.csv\n","creating file 2010_Non Aggravated Assau.csv\n","creating file 2010_Possession/Sale/Dist.csv\n","creating file 2010_Burglary - Residence.csv\n","creating file 2010_Auto Theft.csv\n","creating file 2010_Weapons Law Violatio.csv\n","creating file 2010_Auto Theft.csv\n","creating file 2010_Stealing from Buildi.csv\n","creating file 2010_Non Agg Assault Dome.csv\n","creating file 2010_Auto Theft.csv\n","creating file 2010_Burglary - Residence.csv\n","creating file 2010_Stealing from Buildi.csv\n","creating file 2010_Burglary - Residence.csv\n","creating file 2010_Non Agg Assault Dome.csv\n","creating file 2010_Auto Theft.csv\n","creating file 2010_Rape.csv\n","creating file 2010_Stealing from Buildi.csv\n","creating file 2010_Stealing from Buildi.csv\n","creating file 2010_Burglary - Residence.csv\n","creating file 2010_Stealing from Buildi.csv\n","creating file 2010_Misc Violation.csv\n","creating file 2010_Stealing From Auto.csv\n","creating file 2010_Stealing Auto Parts/.csv\n","creating file 2010_Agg Assault - Drive-.csv\n","creating file 2010_Stealing Auto Parts/.csv\n","creating file 2010_Stealing Auto Parts/.csv\n","creating file 2010_Burglary - Residence.csv\n","creating file 2010_HOMICIDE/Non Neglige.csv\n","creating file 2010_Possession/Sale/Dist.csv\n","creating file 2010_Auto Theft.csv\n","creating file 2010_Auto Theft.csv\n","creating file 2010_Stealing Shoplifting.csv\n","creating file 2010_Rape.csv\n","creating file 2010_Non Aggravated Assau.csv\n","creating file 2010_Possession of Drug E.csv\n","creating file 2010_Strong Arm Robbery.csv\n","creating file 2010_Auto Theft.csv\n","creating file 2010_Weapons Law Violatio.csv\n","creating file 2010_Non Agg Assault Dome.csv\n","creating file 2010_Impersonation.csv\n","creating file 2010_Burglary - Residence.csv\n","creating file 2010_Property Damage.csv\n","creating file 2010_Stealing Auto Parts/.csv\n","creating file 2010_Non Agg Assault Dome.csv\n","creating file 2010_Stealing From Auto.csv\n","creating file 2010_Wire Fraud.csv\n","creating file 2010_Impersonation.csv\n","creating file 2010_Auto Theft.csv\n","creating file 2010_Stealing Auto Parts/.csv\n","creating file 2010_Possession of Drug E.csv\n","creating file 2010_Intimidation.csv\n","creating file 2010_Stealing Coin Operat.csv\n","creating file 2010_Burglary - Residence.csv\n","creating file 2010_Possession/Sale/Dist.csv\n","creating file 2010_Possession/Sale/Dist.csv\n","creating file 2010_Trespassing.csv\n","creating file 2010_Possession/Sale/Dist.csv\n","creating file 2010_Violation Full Order.csv\n","creating file 2010_Possession/Sale/Dist.csv\n","creating file 2010_Possession/Sale/Dist.csv\n","creating file 2010_Possession/Sale/Dist.csv\n","creating file 2010_Intimidation.csv\n","creating file 2010_Resisting an Officer.csv\n","creating file 2010_Stealing Shoplifting.csv\n","creating file 2010_Misc Violation.csv\n","creating file 2010_Stealing Shoplifting.csv\n","creating file 2010_Burglary - Non Resid.csv\n","creating file 2010_Trespassing.csv\n","creating file 2010_Non Agg Assault Dome.csv\n","creating file 2010_Auto Theft.csv\n","creating file 2010_Stealing From Auto.csv\n","creating file 2010_Stealing From Auto.csv\n","creating file 2010_Stealing All Other.csv\n","creating file 2010_Stealing Shoplifting.csv\n","creating file 2010_Stealing All Other.csv\n","creating file 2010_Stealing From Auto.csv\n","creating file 2010_Armed Robbery.csv\n","creating file 2010_Possession/Sale/Dist.csv\n","creating file 2010_Non Agg Assault Dome.csv\n","creating file 2010_Credit/Debit/ATM Car.csv\n","creating file 2010_Burglary - Residence.csv\n","creating file 2010_Aggravated Assault (.csv\n","creating file 2010_Stealing Shoplifting.csv\n","creating file 2010_Stealing Auto Parts/.csv\n","creating file 2010_Possession of Drug E.csv\n","creating file 2010_Misc Violation.csv\n","creating file 2010_Property Damage.csv\n","creating file 2010_Stealing All Other.csv\n"]}]}]}